2026-03-02 06:50:29,640 - __main__ - INFO - Successfully processed OR. Returning scratchertables.
2026-03-02 06:50:29,650 - __main__ - INFO - Processing ratingstable for OR...
2026-03-02 06:50:29,651 - __main__ - INFO - Added processed OR ratingstable to combined list.
2026-03-02 06:50:29,651 - __main__ - INFO - --- Processing State: TX ---
2026-03-02 06:50:48,497 - __main__ - INFO - Clearing worksheet 'TXRatingsTable' before saving new data.
2026-03-02 06:50:48,713 - __main__ - INFO - Saving DataFrame to worksheet 'TXRatingsTable'...
2026-03-02 06:50:49,233 - __main__ - INFO - DataFrame successfully saved to Google Sheet worksheet: TXRatingsTable
2026-03-02 06:50:49,234 - __main__ - INFO - Successfully processed TX. Returning scratchertables.
2026-03-02 06:50:49,243 - __main__ - INFO - Processing ratingstable for TX...
2026-03-02 06:50:49,244 - __main__ - INFO - Added processed TX ratingstable to combined list.
2026-03-02 06:50:49,244 - __main__ - INFO - --- Processing State: VA ---
2026-03-02 06:50:50,174 - __main__ - ERROR - Error occurred during VA processing (after import): 'NoneType' object has no attribute 'get_text'
Traceback (most recent call last):
  File "/home/runner/work/scratchersdatapull/scratchersdatapull/lotteryscraped_optimized.py", line 755, in run_va_scratcher_recs
    from valotteryscrape import exportScratcherRecs
  File "/home/runner/work/scratchersdatapull/scratchersdatapull/valotteryscrape.py", line 664, in <module>
    exportScratcherRecs()
  File "/home/runner/work/scratchersdatapull/scratchersdatapull/valotteryscrape.py", line 170, in exportScratcherRecs
    tableData['topprizeodds'] = soup.find('p', class_='odds-display').find('br').find('span').get_text()
AttributeError: 'NoneType' object has no attribute 'get_text'
2026-03-02 06:50:50,176 - __main__ - WARNING - Function run_va_scratcher_recs did not return valid scratchertables data.
2026-03-02 06:50:50,176 - __main__ - WARNING - Function run_va_scratcher_recs did not return valid ratingstable data.
2026-03-02 06:50:50,176 - __main__ - INFO - --- Processing State: WA ---
2026-03-02 06:51:35,109 - __main__ - INFO - Clearing worksheet 'WARatingsTable' before saving new data.
2026-03-02 06:51:35,255 - __main__ - INFO - Saving DataFrame to worksheet 'WARatingsTable'...
2026-03-02 06:51:35,950 - __main__ - INFO - DataFrame successfully saved to Google Sheet worksheet: WARatingsTable
2026-03-02 06:51:35,951 - __main__ - INFO - Successfully processed WA. Returning scratchertables.
2026-03-02 06:51:35,960 - __main__ - INFO - Processing ratingstable for WA...
2026-03-02 06:51:35,962 - __main__ - INFO - Added processed WA ratingstable to combined list.
2026-03-02 06:51:35,962 - __main__ - INFO - Combining scratchertables data from 13 states.
2026-03-02 06:51:35,965 - __main__ - INFO - Combined scratchertables shape: (12043, 11)
2026-03-02 06:51:35,965 - __main__ - INFO - Performing final type conversion for JSON compatibility on combined scratchertables...
2026-03-02 06:51:35,972 - __main__ - INFO -   - Converted/Checked scratchertables column 'gameNumber' (Original dtype: object, New dtype: object)
2026-03-02 06:51:35,979 - __main__ - INFO -   - Converted/Checked scratchertables column 'gameName' (Original dtype: object, New dtype: object)
2026-03-02 06:51:35,985 - __main__ - INFO -   - Converted/Checked scratchertables column 'prizeamount' (Original dtype: object, New dtype: object)
2026-03-02 06:51:35,993 - __main__ - INFO -   - Converted/Checked scratchertables column 'Winning Tickets At Start' (Original dtype: object, New dtype: float64)
2026-03-02 06:51:36,000 - __main__ - INFO -   - Converted/Checked scratchertables column 'Winning Tickets Unclaimed' (Original dtype: object, New dtype: float64)
2026-03-02 06:51:36,007 - __main__ - INFO -   - Converted/Checked scratchertables column 'Prize Probability' (Original dtype: object, New dtype: float64)
2026-03-02 06:51:36,014 - __main__ - INFO -   - Converted/Checked scratchertables column 'Percent Tix Remaining' (Original dtype: object, New dtype: float64)
2026-03-02 06:51:36,020 - __main__ - INFO -   - Converted/Checked scratchertables column 'Starting Expected Value' (Original dtype: object, New dtype: object)
2026-03-02 06:51:36,027 - __main__ - INFO -   - Converted/Checked scratchertables column 'Expected Value' (Original dtype: object, New dtype: object)
2026-03-02 06:51:36,034 - __main__ - INFO -   - Converted/Checked scratchertables column 'dateexported' (Original dtype: object, New dtype: object)
2026-03-02 06:51:36,041 - __main__ - INFO -   - Converted/Checked scratchertables column 'State' (Original dtype: object, New dtype: object)
2026-03-02 06:51:36,041 - __main__ - INFO - Attempting to save combined data to 'ScratcherTables' sheet.
2026-03-02 06:51:37,101 - __main__ - INFO - Clearing worksheet 'ScratcherTables' before saving new data.
2026-03-02 06:51:37,283 - __main__ - INFO - Saving DataFrame to worksheet 'ScratcherTables'...
2026-03-02 06:51:40,675 - __main__ - INFO - DataFrame successfully saved to Google Sheet worksheet: ScratcherTables
2026-03-02 06:51:40,676 - __main__ - INFO - Combining ratingstable data from 13 states.
2026-03-02 06:51:40,681 - __main__ - INFO - Combined ratingstable columns BEFORE final reindex: ['price', 'gameName', 'gameNumber', 'topprize', 'topprizeremain', 'topprizeavail', 'extrachances', 'secondChance', 'startDate', 'Days Since Start', 'lastdatetoclaim', 'topprizeodds', 'overallodds', 'Current Odds of Top Prize', 'Change in Current Odds of Top Prize', 'Current Odds of Any Prize', 'Change in Current Odds of Any Prize', 'Odds of Profit Prize', 'Change in Odds of Profit Prize', 'Probability of Winning Any Prize', 'Change in Probability of Any Prize', 'Probability of Winning Profit Prize', 'Change in Probability of Profit Prize', 'StdDev of All Prizes', 'StdDev of Profit Prizes', 'Odds of Any Prize + 3 StdDevs', 'Odds of Profit Prize + 3 StdDevs', 'Max Tickets to Buy', 'Expected Value of Any Prize (as % of cost)', 'Change in Expected Value of Any Prize', 'Expected Value of Profit Prize (as % of cost)', 'Change in Expected Value of Profit Prize', 'Percent of Prizes Remaining', 'Percent of Profit Prizes Remaining', 'Ratio of Decline in Prizes to Decline in Losing Ticket', 'Rank by Best Probability of Winning Any Prize', 'Rank by Best Probability of Winning Profit Prize', 'Rank by Least Expected Losses', 'Rank by Most Available Prizes', 'Rank by Best Change in Probabilities', 'Rank Average', 'Overall Rank', 'Rank by Cost', 'Photo', 'FAQ', 'About', 'Directory', 'Data Date', 'Stats Page', 'gameURL', 'State']
2026-03-02 06:51:40,683 - __main__ - INFO - Combined ratingstable shape after reindex: (946, 51)
2026-03-02 06:51:40,683 - __main__ - INFO - Combined ratingstable columns AFTER final reindex: ['price', 'gameName', 'gameNumber', 'topprize', 'topprizeremain', 'topprizeavail', 'extrachances', 'secondChance', 'startDate', 'Days Since Start', 'lastdatetoclaim', 'topprizeodds', 'overallodds', 'Current Odds of Top Prize', 'Change in Current Odds of Top Prize', 'Current Odds of Any Prize', 'Change in Current Odds of Any Prize', 'Odds of Profit Prize', 'Change in Odds of Profit Prize', 'Probability of Winning Any Prize', 'Change in Probability of Any Prize', 'Probability of Winning Profit Prize', 'Change in Probability of Profit Prize', 'StdDev of All Prizes', 'StdDev of Profit Prizes', 'Odds of Any Prize + 3 StdDevs', 'Odds of Profit Prize + 3 StdDevs', 'Max Tickets to Buy', 'Expected Value of Any Prize (as % of cost)', 'Change in Expected Value of Any Prize', 'Expected Value of Profit Prize (as % of cost)', 'Change in Expected Value of Profit Prize', 'Percent of Prizes Remaining', 'Percent of Profit Prizes Remaining', 'Ratio of Decline in Prizes to Decline in Losing Ticket', 'Rank by Best Probability of Winning Any Prize', 'Rank by Best Probability of Winning Profit Prize', 'Rank by Least Expected Losses', 'Rank by Most Available Prizes', 'Rank by Best Change in Probabilities', 'Rank Average', 'Overall Rank', 'Rank by Cost', 'Photo', 'FAQ', 'About', 'Directory', 'Data Date', 'Stats Page', 'gameURL', 'State']
2026-03-02 06:51:40,683 - __main__ - INFO - Performing final type conversion for JSON compatibility on combined ratingstable...
2026-03-02 06:51:40,685 - __main__ - INFO -   - Converted/Checked ratingstable column 'gameName' (Original dtype: object, New dtype: object)
2026-03-02 06:51:40,686 - __main__ - INFO -   - Converted/Checked ratingstable column 'gameNumber' (Original dtype: object, New dtype: object)
2026-03-02 06:51:40,687 - __main__ - INFO -   - Converted/Checked ratingstable column 'topprize' (Original dtype: object, New dtype: object)
2026-03-02 06:51:40,688 - __main__ - INFO -   - Converted/Checked ratingstable column 'topprizeremain' (Original dtype: object, New dtype: object)
2026-03-02 06:51:40,689 - __main__ - INFO -   - Converted/Checked ratingstable column 'topprizeavail' (Original dtype: object, New dtype: object)
2026-03-02 06:51:40,690 - __main__ - INFO -   - Converted/Checked ratingstable column 'extrachances' (Original dtype: object, New dtype: object)
2026-03-02 06:51:40,691 - __main__ - INFO -   - Converted/Checked ratingstable column 'secondChance' (Original dtype: object, New dtype: object)
2026-03-02 06:51:40,692 - __main__ - INFO -   - Converted/Checked ratingstable column 'startDate' (Original dtype: object, New dtype: object)
2026-03-02 06:51:40,693 - __main__ - INFO -   - Converted/Checked ratingstable column 'Days Since Start' (Original dtype: object, New dtype: object)
2026-03-02 06:51:40,694 - __main__ - INFO -   - Converted/Checked ratingstable column 'lastdatetoclaim' (Original dtype: object, New dtype: object)
2026-03-02 06:51:40,695 - __main__ - INFO -   - Converted/Checked ratingstable column 'topprizeodds' (Original dtype: object, New dtype: object)
2026-03-02 06:51:40,696 - __main__ - INFO -   - Converted/Checked ratingstable column 'overallodds' (Original dtype: object, New dtype: object)
2026-03-02 06:51:40,698 - __main__ - INFO -   - Converted/Checked ratingstable column 'Change in Current Odds of Top Prize' (Original dtype: object, New dtype: object)
2026-03-02 06:51:40,717 - __main__ - INFO -   - Converted/Checked ratingstable column 'Rank by Best Change in Probabilities' (Original dtype: object, New dtype: object)
2026-03-02 06:51:40,721 - __main__ - INFO -   - Converted/Checked ratingstable column 'Photo' (Original dtype: object, New dtype: object)
2026-03-02 06:51:40,722 - __main__ - INFO -   - Converted/Checked ratingstable column 'FAQ' (Original dtype: object, New dtype: object)
2026-03-02 06:51:40,723 - __main__ - INFO -   - Converted/Checked ratingstable column 'About' (Original dtype: object, New dtype: object)
2026-03-02 06:51:40,724 - __main__ - INFO -   - Converted/Checked ratingstable column 'Directory' (Original dtype: object, New dtype: object)
2026-03-02 06:51:40,725 - __main__ - INFO -   - Converted/Checked ratingstable column 'Data Date' (Original dtype: object, New dtype: object)
2026-03-02 06:51:40,726 - __main__ - INFO -   - Converted/Checked ratingstable column 'Stats Page' (Original dtype: object, New dtype: object)
2026-03-02 06:51:40,726 - __main__ - INFO -   - Converted/Checked ratingstable column 'gameURL' (Original dtype: object, New dtype: object)
2026-03-02 06:51:40,727 - __main__ - INFO -   - Converted/Checked ratingstable column 'State' (Original dtype: object, New dtype: object)
2026-03-02 06:51:40,728 - __main__ - INFO - Attempting to save combined data to 'AllStatesRatings' sheet starting at row 3.
2026-03-02 06:51:42,082 - __main__ - INFO - Clearing data in worksheet 'AllStatesRatings' from row 3 onwards.
2026-03-02 06:51:42,083 - __main__ - DEBUG - Calculated clear range: A3:CW2579
2026-03-02 06:51:42,244 - __main__ - INFO - Cleared range A3:CW2579 in 'AllStatesRatings'.
2026-03-02 06:51:42,248 - __main__ - INFO - Saving DataFrame to worksheet 'AllStatesRatings' starting at row 3 (headers excluded)...
2026-03-02 06:51:43,337 - __main__ - INFO - DataFrame successfully saved to 'AllStatesRatings' starting at row 3.
2026-03-02 06:51:43,337 - __main__ - INFO - Finishing lotteryscrape_optimized.py run at: 2026-03-02 06:51:43 UTC
2026-03-02 06:51:43,338 - __main__ - INFO - Total execution time: 0:05:43.794177
